<?xml version="1.0" encoding="UTF-8"?>
<!-- Generated by org.testng.reporters.JUnitReportReporter -->
<testsuite hostname="DESKTOP-8AI6JMG" failures="0" tests="2" name="ProductCatalogPage" time="21.174" errors="0" timestamp="03 Jun 2018 01:03:30 GMT" skipped="0">
  <testcase classname="ProductCatalogPage" name="IterateCatalogPageTable" time="20.893"/>
  <testcase classname="ProductCatalogPage" name="DataEntry" time="0.281"/>
</testsuite> <!-- ProductCatalogPage -->
