<?xml version="1.0" encoding="UTF-8"?>
<!-- Generated by org.testng.reporters.JUnitReportReporter -->
<testsuite hostname="DESKTOP-8AI6JMG" failures="0" tests="1" name="Socks.ConfirmationPage" time="0.094" errors="0" timestamp="03 Jun 2018 23:45:56 GMT" skipped="0">
  <testcase classname="Socks.ConfirmationPage" name="VerifyIfCorrectTotals" time="0.094"/>
</testsuite> <!-- Socks.ConfirmationPage -->
