<?xml version="1.0" encoding="UTF-8"?>
<!-- Generated by org.testng.reporters.JUnitReportReporter -->
<testsuite hostname="DESKTOP-8AI6JMG" failures="0" tests="2" name="Socks.ProductCatalogPage" time="21.429" errors="0" timestamp="03 Jun 2018 23:45:56 GMT" skipped="0">
  <testcase classname="Socks.ProductCatalogPage" name="CheckOutClick" time="21.131"/>
  <testcase classname="Socks.ProductCatalogPage" name="DataEntry" time="0.298"/>
</testsuite> <!-- Socks.ProductCatalogPage -->
